0 info it worked if it ends with ok
1 verbose cli [ 'C:\\Program Files\\nodejs\\node.exe',
1 verbose cli   'C:\\Users\\stevencl\\AppData\\Roaming\\npm\\node_modules\\npm\\bin\\npm-cli.js',
1 verbose cli   'start' ]
2 info using npm@3.9.6
3 info using node@v8.4.0
4 verbose run-script [ 'prestart', 'start', 'poststart' ]
5 info lifecycle mainapp@0.0.0~prestart: mainapp@0.0.0
6 silly lifecycle mainapp@0.0.0~prestart: no script for prestart, continuing
7 info lifecycle mainapp@0.0.0~start: mainapp@0.0.0
8 verbose lifecycle mainapp@0.0.0~start: unsafe-perm in lifecycle true
9 verbose lifecycle mainapp@0.0.0~start: PATH: C:\Users\stevencl\AppData\Roaming\npm\node_modules\npm\bin\node-gyp-bin;C:\test\mainapp\node_modules\.bin;C:\Program Files\nodejs;C:\Program Files (x86)\Microsoft SDKs\Azure\CLI2\wbin;C:\ProgramData\Oracle\Java\javapath;C:\Program Files\Docker\Docker\Resources\bin;C:\Program Files\Common Files\Microsoft Shared\Microsoft Online Services;C:\Program Files (x86)\Common Files\Microsoft Shared\Microsoft Online Services;C:\WINDOWS\system32;C:\WINDOWS;C:\WINDOWS\System32\Wbem;C:\WINDOWS\System32\WindowsPowerShell\v1.0\;C:\Program Files\Microsoft SQL Server\120\Tools\Binn\;C:\Program Files\Microsoft\Web Platform Installer\;C:\Program Files (x86)\Microsoft SDKs\Azure\CLI\wbin;C:\Program Files (x86)\Windows Live\Shared;C:\Users\stevencl\AppData\Local\Android\android-sdk\platform-tools;C:\Users\stevencl\AppData\Local\Android\android-sdk\tools;C:\Program Files\Microsoft SQL Server\130\Tools\Binn\;C:\Program Files (x86)\Windows Kits\10\Windows Performance Toolkit\;C:\Python27\;C:\Program Files\Microsoft DNX\Dnvm\;C:\Python27\Scripts;C:\Program Files (x86)\Brackets\command;C:\ProgramData\chocolatey\bin;C:\Program Files (x86)\Yarn\bin;C:\Program Files (x86)\Skype\Phone\;C:\Program Files\dotnet\;C:\Program Files\Git\cmd;C:\Program Files\nodejs\;C:\Users\stevencl\.dnx\runtimes\dnx-clr-win-x86.1.0.0-rc1-update1\bin;C:\Users\stevencl\.dnx\bin;C:\Users\stevencl\AppData\Local\atom\bin;C:\Users\stevencl\AppData\Local\.meteor\;C:\Python27\;C:\Program Files (x86)\Microsoft VS Code Insiders\bin;C:\Users\stevencl\AppData\Local\Microsoft\WindowsApps;C:\Users\stevencl\AppData\Roaming\Python\Python27\site-packages;C:\Users\stevencl\AppData\Local\Yarn\.bin;C:\Program Files\Heroku\bin;C:\Program Files\Microsoft VS Code Insiders\bin;C:\Program Files\Microsoft VS Code\bin;C:\Users\stevencl\AppData\Roaming\npm
10 verbose lifecycle mainapp@0.0.0~start: CWD: C:\test\mainapp
11 silly lifecycle mainapp@0.0.0~start: Args: [ '/d /s /c', 'node ./bin/www' ]
12 silly lifecycle mainapp@0.0.0~start: Returned: code: 1  signal: null
13 info lifecycle mainapp@0.0.0~start: Failed to exec start script
14 verbose stack Error: mainapp@0.0.0 start: `node ./bin/www`
14 verbose stack Exit status 1
14 verbose stack     at EventEmitter.<anonymous> (C:\Users\stevencl\AppData\Roaming\npm\node_modules\npm\lib\utils\lifecycle.js:245:16)
14 verbose stack     at emitTwo (events.js:125:13)
14 verbose stack     at EventEmitter.emit (events.js:213:7)
14 verbose stack     at ChildProcess.<anonymous> (C:\Users\stevencl\AppData\Roaming\npm\node_modules\npm\lib\utils\spawn.js:24:14)
14 verbose stack     at emitTwo (events.js:125:13)
14 verbose stack     at ChildProcess.emit (events.js:213:7)
14 verbose stack     at maybeClose (internal/child_process.js:927:16)
14 verbose stack     at Process.ChildProcess._handle.onexit (internal/child_process.js:211:5)
15 verbose pkgid mainapp@0.0.0
16 verbose cwd C:\test\mainapp
17 error Windows_NT 10.0.15063
18 error argv "C:\\Program Files\\nodejs\\node.exe" "C:\\Users\\stevencl\\AppData\\Roaming\\npm\\node_modules\\npm\\bin\\npm-cli.js" "start"
19 error node v8.4.0
20 error npm  v3.9.6
21 error code ELIFECYCLE
22 error mainapp@0.0.0 start: `node ./bin/www`
22 error Exit status 1
23 error Failed at the mainapp@0.0.0 start script 'node ./bin/www'.
23 error Make sure you have the latest version of node.js and npm installed.
23 error If you do, this is most likely a problem with the mainapp package,
23 error not with npm itself.
23 error Tell the author that this fails on your system:
23 error     node ./bin/www
23 error You can get information on how to open an issue for this project with:
23 error     npm bugs mainapp
23 error Or if that isn't available, you can get their info via:
23 error     npm owner ls mainapp
23 error There is likely additional logging output above.
24 verbose exit [ 1, true ]
